0 info it worked if it ends with ok
1 verbose cli [ '/usr/local/bin/node', '/usr/local/bin/npm', 'start' ]
2 info using npm@3.5.2
3 info using node@v4.2.2
4 verbose run-script [ 'prestart', 'start', 'poststart' ]
5 info lifecycle bloo-delivery@0.0.0~prestart: bloo-delivery@0.0.0
6 silly lifecycle bloo-delivery@0.0.0~prestart: no script for prestart, continuing
7 info lifecycle bloo-delivery@0.0.0~start: bloo-delivery@0.0.0
8 verbose lifecycle bloo-delivery@0.0.0~start: unsafe-perm in lifecycle true
9 verbose lifecycle bloo-delivery@0.0.0~start: PATH: /usr/local/lib/node_modules/npm/bin/node-gyp-bin:/Users/Insane/Sites/bloo-delivery/node_modules/.bin:/usr/local/sbin:/Users/Insane/xiki-master/bin:/Users/Insane/xiki-master/bin:/usr/local/Cellar/php55/5.5.23/bin:/usr/local/sbin:/usr/local/heroku/bin:/usr/local/bin:/usr/bin:/bin:/usr/sbin:/sbin:/Applications/Server.app/Contents/ServerRoot/usr/bin:/Applications/Server.app/Contents/ServerRoot/usr/sbin:/usr/local/deployd/bin:/usr/bin:/bin:/usr/sbin:/sbin:/usr/local/bin:/Users/Insane/.composer/vendor/bin:/usr/local/mysql/bin:
10 verbose lifecycle bloo-delivery@0.0.0~start: CWD: /Users/Insane/Sites/bloo-delivery
11 silly lifecycle bloo-delivery@0.0.0~start: Args: [ '-c', 'babel-node ./bin/www' ]
12 silly lifecycle bloo-delivery@0.0.0~start: Returned: code: 1  signal: null
13 info lifecycle bloo-delivery@0.0.0~start: Failed to exec start script
14 verbose stack Error: bloo-delivery@0.0.0 start: `babel-node ./bin/www`
14 verbose stack Exit status 1
14 verbose stack     at EventEmitter.<anonymous> (/usr/local/lib/node_modules/npm/lib/utils/lifecycle.js:232:16)
14 verbose stack     at emitTwo (events.js:87:13)
14 verbose stack     at EventEmitter.emit (events.js:172:7)
14 verbose stack     at ChildProcess.<anonymous> (/usr/local/lib/node_modules/npm/lib/utils/spawn.js:24:14)
14 verbose stack     at emitTwo (events.js:87:13)
14 verbose stack     at ChildProcess.emit (events.js:172:7)
14 verbose stack     at maybeClose (internal/child_process.js:818:16)
14 verbose stack     at Process.ChildProcess._handle.onexit (internal/child_process.js:211:5)
15 verbose pkgid bloo-delivery@0.0.0
16 verbose cwd /Users/Insane/Sites/bloo-delivery
17 error Darwin 15.3.0
18 error argv "/usr/local/bin/node" "/usr/local/bin/npm" "start"
19 error node v4.2.2
20 error npm  v3.5.2
21 error code ELIFECYCLE
22 error bloo-delivery@0.0.0 start: `babel-node ./bin/www`
22 error Exit status 1
23 error Failed at the bloo-delivery@0.0.0 start script 'babel-node ./bin/www'.
23 error Make sure you have the latest version of node.js and npm installed.
23 error If you do, this is most likely a problem with the bloo-delivery package,
23 error not with npm itself.
23 error Tell the author that this fails on your system:
23 error     babel-node ./bin/www
23 error You can get information on how to open an issue for this project with:
23 error     npm bugs bloo-delivery
23 error Or if that isn't available, you can get their info via:
23 error     npm owner ls bloo-delivery
23 error There is likely additional logging output above.
24 verbose exit [ 1, true ]
